# JRE version: OpenJDK Runtime Environment (11.0.13) (build 11.0.13+0-b1751.21-8125866)
# Java VM: OpenJDK 64-Bit Server VM (11.0.13+0-b1751.21-8125866, mixed mode, tiered, compressed oops, g1 gc, windows-amd64)
Heap:
 garbage-first heap   total 322560K, used 278720K [0x00000000a0000000, 0x0000000100000000)
  region size 1024K, 12 young (12288K), 2 survivors (2048K)
 Metaspace       used 132586K, capacity 135853K, committed 136092K, reserved 1167360K
  class space    used 16198K, capacity 17396K, committed 17408K, reserved 1048576K
GC Heap History (20 events):
Event: 40.568 GC heap before
{Heap before GC invocations=96 (full 0):
 garbage-first heap   total 270336K, used 240640K [0x00000000a0000000, 0x0000000100000000)
  region size 1024K, 37 young (37888K), 7 survivors (7168K)
 Metaspace       used 129873K, capacity 133071K, committed 133276K, reserved 1165312K
  class space    used 15684K, capacity 16796K, committed 16896K, reserved 1048576K
}
Event: 40.576 GC heap after
{Heap after GC invocations=97 (full 0):
 garbage-first heap   total 270336K, used 212923K [0x00000000a0000000, 0x0000000100000000)
  region size 1024K, 5 young (5120K), 5 survivors (5120K)
 Metaspace       used 129873K, capacity 133071K, committed 133276K, reserved 1165312K
  class space    used 15684K, capacity 16796K, committed 16896K, reserved 1048576K
}
Event: 40.887 GC heap before
{Heap before GC invocations=97 (full 0):
 garbage-first heap   total 270336K, used 236475K [0x00000000a0000000, 0x0000000100000000)
  region size 1024K, 24 young (24576K), 5 survivors (5120K)
 Metaspace       used 130061K, capacity 133208K, committed 133532K, reserved 1165312K
  class space    used 15693K, capacity 16777K, committed 16896K, reserved 1048576K
}
Event: 40.904 GC heap after
{Heap after GC invocations=98 (full 0):
 garbage-first heap   total 270336K, used 219564K [0x00000000a0000000, 0x0000000100000000)
  region size 1024K, 3 young (3072K), 3 survivors (3072K)
 Metaspace       used 130061K, capacity 133208K, committed 133532K, reserved 1165312K
  class space    used 15693K, capacity 16777K, committed 16896K, reserved 1048576K
}
Event: 41.010 GC heap before
{Heap before GC invocations=99 (full 0):
 garbage-first heap   total 270336K, used 231852K [0x00000000a0000000, 0x0000000100000000)
  region size 1024K, 15 young (15360K), 3 survivors (3072K)
 Metaspace       used 130061K, capacity 133208K, committed 133532K, reserved 1165312K
  class space    used 15693K, capacity 16777K, committed 16896K, reserved 1048576K
}
Event: 41.021 GC heap after
{Heap after GC invocations=100 (full 0):
 garbage-first heap   total 270336K, used 224482K [0x00000000a0000000, 0x0000000100000000)
  region size 1024K, 2 young (2048K), 2 survivors (2048K)
 Metaspace       used 130061K, capacity 133208K, committed 133532K, reserved 1165312K
  class space    used 15693K, capacity 16777K, committed 16896K, reserved 1048576K
}
Event: 41.114 GC heap before
{Heap before GC invocations=100 (full 0):
 garbage-first heap   total 270336K, used 236770K [0x00000000a0000000, 0x0000000100000000)
  region size 1024K, 13 young (13312K), 2 survivors (2048K)
 Metaspace       used 130061K, capacity 133208K, committed 133532K, reserved 1165312K
  class space    used 15693K, capacity 16777K, committed 16896K, reserved 1048576K
}
Event: 41.130 GC heap after
{Heap after GC invocations=101 (full 0):
 garbage-first heap   total 270336K, used 230228K [0x00000000a0000000, 0x0000000100000000)
  region size 1024K, 2 young (2048K), 2 survivors (2048K)
 Metaspace       used 130061K, capacity 133208K, committed 133532K, reserved 1165312K
  class space    used 15693K, capacity 16777K, committed 16896K, reserved 1048576K
}
Event: 41.229 GC heap before
{Heap before GC invocations=101 (full 0):
 garbage-first heap   total 270336K, used 240468K [0x00000000a0000000, 0x0000000100000000)
  region size 1024K, 13 young (13312K), 2 survivors (2048K)
 Metaspace       used 130128K, capacity 133270K, committed 133532K, reserved 1165312K
  class space    used 15707K, capacity 16822K, committed 16896K, reserved 1048576K
}
Event: 41.244 GC heap after
{Heap after GC invocations=102 (full 0):
 garbage-first heap   total 270336K, used 235315K [0x00000000a0000000, 0x0000000100000000)
  region size 1024K, 2 young (2048K), 2 survivors (2048K)
 Metaspace       used 130128K, capacity 133270K, committed 133532K, reserved 1165312K
  class space    used 15707K, capacity 16822K, committed 16896K, reserved 1048576K
}
Event: 41.498 GC heap before
{Heap before GC invocations=102 (full 0):
 garbage-first heap   total 270336K, used 246579K [0x00000000a0000000, 0x0000000100000000)
  region size 1024K, 13 young (13312K), 2 survivors (2048K)
 Metaspace       used 132377K, capacity 135615K, committed 135836K, reserved 1167360K
  class space    used 16192K, capacity 17363K, committed 17408K, reserved 1048576K
}
Event: 41.507 GC heap after
{Heap after GC invocations=103 (full 0):
 garbage-first heap   total 270336K, used 238592K [0x00000000a0000000, 0x0000000100000000)
  region size 1024K, 2 young (2048K), 2 survivors (2048K)
 Metaspace       used 132377K, capacity 135615K, committed 135836K, reserved 1167360K
  class space    used 16192K, capacity 17363K, committed 17408K, reserved 1048576K
}
Event: 41.609 GC heap before
{Heap before GC invocations=103 (full 0):
 garbage-first heap   total 270336K, used 249856K [0x00000000a0000000, 0x0000000100000000)
  region size 1024K, 13 young (13312K), 2 survivors (2048K)
 Metaspace       used 132464K, capacity 135750K, committed 135836K, reserved 1167360K
  class space    used 16192K, capacity 17363K, committed 17408K, reserved 1048576K
}
Event: 41.621 GC heap after
{Heap after GC invocations=104 (full 0):
 garbage-first heap   total 322560K, used 244328K [0x00000000a0000000, 0x0000000100000000)
  region size 1024K, 2 young (2048K), 2 survivors (2048K)
 Metaspace       used 132464K, capacity 135750K, committed 135836K, reserved 1167360K
  class space    used 16192K, capacity 17363K, committed 17408K, reserved 1048576K
}
Event: 41.759 GC heap before
{Heap before GC invocations=104 (full 0):
 garbage-first heap   total 322560K, used 260712K [0x00000000a0000000, 0x0000000100000000)
  region size 1024K, 19 young (19456K), 2 survivors (2048K)
 Metaspace       used 132565K, capacity 135858K, committed 136092K, reserved 1167360K
  class space    used 16197K, capacity 17397K, committed 17408K, reserved 1048576K
}
Event: 41.773 GC heap after
{Heap after GC invocations=105 (full 0):
 garbage-first heap   total 322560K, used 253640K [0x00000000a0000000, 0x0000000100000000)
  region size 1024K, 3 young (3072K), 3 survivors (3072K)
 Metaspace       used 132565K, capacity 135858K, committed 136092K, reserved 1167360K
  class space    used 16197K, capacity 17397K, committed 17408K, reserved 1048576K
}
Event: 41.841 GC heap before
{Heap before GC invocations=105 (full 0):
 garbage-first heap   total 322560K, used 269000K [0x00000000a0000000, 0x0000000100000000)
  region size 1024K, 18 young (18432K), 3 survivors (3072K)
 Metaspace       used 132586K, capacity 135861K, committed 136092K, reserved 1167360K
  class space    used 16198K, capacity 17397K, committed 17408K, reserved 1048576K
}
Event: 41.854 GC heap after
{Heap after GC invocations=106 (full 0):
 garbage-first heap   total 322560K, used 262491K [0x00000000a0000000, 0x0000000100000000)
  region size 1024K, 3 young (3072K), 3 survivors (3072K)
 Metaspace       used 132586K, capacity 135861K, committed 136092K, reserved 1167360K
  class space    used 16198K, capacity 17397K, committed 17408K, reserved 1048576K
}
Event: 41.908 GC heap before
{Heap before GC invocations=106 (full 0):
 garbage-first heap   total 322560K, used 274779K [0x00000000a0000000, 0x0000000100000000)
  region size 1024K, 15 young (15360K), 3 survivors (3072K)
 Metaspace       used 132589K, capacity 135862K, committed 136092K, reserved 1167360K
  class space    used 16198K, capacity 17397K, committed 17408K, reserved 1048576K
}
Event: 41.920 GC heap after
{Heap after GC invocations=107 (full 0):
 garbage-first heap   total 322560K, used 269504K [0x00000000a0000000, 0x0000000100000000)
  region size 1024K, 2 young (2048K), 2 survivors (2048K)
 Metaspace       used 132589K, capacity 135862K, committed 136092K, reserved 1167360K
  class space    used 16198K, capacity 17397K, committed 17408K, reserved 1048576K
}

