# JRE version: OpenJDK Runtime Environment (11.0.13) (build 11.0.13+0-b1751.21-8125866)
# Java VM: OpenJDK 64-Bit Server VM (11.0.13+0-b1751.21-8125866, mixed mode, tiered, compressed oops, g1 gc, windows-amd64)
Heap:
 garbage-first heap   total 129024K, used 87742K [0x0000000083800000, 0x0000000100000000)
  region size 1024K, 62 young (63488K), 8 survivors (8192K)
 Metaspace       used 52448K, capacity 53064K, committed 53420K, reserved 1097728K
  class space    used 6062K, capacity 6291K, committed 6400K, reserved 1048576K
GC Heap History (10 events):
Event: 0.665 GC heap before
{Heap before GC invocations=0 (full 0):
 garbage-first heap   total 129024K, used 27648K [0x0000000083800000, 0x0000000100000000)
  region size 1024K, 24 young (24576K), 0 survivors (0K)
 Metaspace       used 12315K, capacity 12469K, committed 12800K, reserved 1060864K
  class space    used 1140K, capacity 1174K, committed 1280K, reserved 1048576K
}
Event: 0.669 GC heap after
{Heap after GC invocations=1 (full 0):
 garbage-first heap   total 129024K, used 5647K [0x0000000083800000, 0x0000000100000000)
  region size 1024K, 3 young (3072K), 3 survivors (3072K)
 Metaspace       used 12315K, capacity 12469K, committed 12800K, reserved 1060864K
  class space    used 1140K, capacity 1174K, committed 1280K, reserved 1048576K
}
Event: 1.443 GC heap before
{Heap before GC invocations=1 (full 0):
 garbage-first heap   total 129024K, used 41487K [0x0000000083800000, 0x0000000100000000)
  region size 1024K, 39 young (39936K), 3 survivors (3072K)
 Metaspace       used 20992K, capacity 21166K, committed 21248K, reserved 1069056K
  class space    used 2209K, capacity 2286K, committed 2304K, reserved 1048576K
}
Event: 1.453 GC heap after
{Heap after GC invocations=2 (full 0):
 garbage-first heap   total 129024K, used 9543K [0x0000000083800000, 0x0000000100000000)
  region size 1024K, 7 young (7168K), 7 survivors (7168K)
 Metaspace       used 20992K, capacity 21166K, committed 21248K, reserved 1069056K
  class space    used 2209K, capacity 2286K, committed 2304K, reserved 1048576K
}
Event: 3.148 GC heap before
{Heap before GC invocations=3 (full 0):
 garbage-first heap   total 129024K, used 72007K [0x0000000083800000, 0x0000000100000000)
  region size 1024K, 56 young (57344K), 7 survivors (7168K)
 Metaspace       used 30597K, capacity 31051K, committed 31232K, reserved 1077248K
  class space    used 3588K, capacity 3761K, committed 3840K, reserved 1048576K
}
Event: 3.177 GC heap after
{Heap after GC invocations=4 (full 0):
 garbage-first heap   total 129024K, used 24771K [0x0000000083800000, 0x0000000100000000)
  region size 1024K, 7 young (7168K), 7 survivors (7168K)
 Metaspace       used 30597K, capacity 31051K, committed 31232K, reserved 1077248K
  class space    used 3588K, capacity 3761K, committed 3840K, reserved 1048576K
}
Event: 3.914 GC heap before
{Heap before GC invocations=4 (full 0):
 garbage-first heap   total 129024K, used 46275K [0x0000000083800000, 0x0000000100000000)
  region size 1024K, 29 young (29696K), 7 survivors (7168K)
 Metaspace       used 35083K, capacity 35498K, committed 35628K, reserved 1081344K
  class space    used 4075K, capacity 4219K, committed 4224K, reserved 1048576K
}
Event: 3.930 GC heap after
{Heap after GC invocations=5 (full 0):
 garbage-first heap   total 129024K, used 24810K [0x0000000083800000, 0x0000000100000000)
  region size 1024K, 3 young (3072K), 3 survivors (3072K)
 Metaspace       used 35083K, capacity 35498K, committed 35628K, reserved 1081344K
  class space    used 4075K, capacity 4219K, committed 4224K, reserved 1048576K
}
Event: 5.613 GC heap before
{Heap before GC invocations=6 (full 0):
 garbage-first heap   total 129024K, used 87274K [0x0000000083800000, 0x0000000100000000)
  region size 1024K, 61 young (62464K), 3 survivors (3072K)
 Metaspace       used 46439K, capacity 46942K, committed 47148K, reserved 1091584K
  class space    used 5432K, capacity 5642K, committed 5760K, reserved 1048576K
}
Event: 5.631 GC heap after
{Heap after GC invocations=7 (full 0):
 garbage-first heap   total 129024K, used 33470K [0x0000000083800000, 0x0000000100000000)
  region size 1024K, 8 young (8192K), 8 survivors (8192K)
 Metaspace       used 46439K, capacity 46942K, committed 47148K, reserved 1091584K
  class space    used 5432K, capacity 5642K, committed 5760K, reserved 1048576K
}

