# JRE version: OpenJDK Runtime Environment (11.0.13) (build 11.0.13+0-b1751.21-8125866)
# Java VM: OpenJDK 64-Bit Server VM (11.0.13+0-b1751.21-8125866, mixed mode, tiered, compressed oops, g1 gc, windows-amd64)
Heap:
 garbage-first heap   total 199680K, used 54143K [0x0000000083800000, 0x0000000100000000)
  region size 1024K, 3 young (3072K), 3 survivors (3072K)
 Metaspace       used 72505K, capacity 73326K, committed 73472K, reserved 1114112K
  class space    used 8124K, capacity 8447K, committed 8448K, reserved 1048576K
GC Heap History (19 events):
Event: 0.753 GC heap before
{Heap before GC invocations=0 (full 0):
 garbage-first heap   total 129024K, used 27648K [0x0000000083800000, 0x0000000100000000)
  region size 1024K, 24 young (24576K), 0 survivors (0K)
 Metaspace       used 12423K, capacity 12556K, committed 12800K, reserved 1060864K
  class space    used 1149K, capacity 1183K, committed 1280K, reserved 1048576K
}
Event: 0.757 GC heap after
{Heap after GC invocations=1 (full 0):
 garbage-first heap   total 129024K, used 5890K [0x0000000083800000, 0x0000000100000000)
  region size 1024K, 3 young (3072K), 3 survivors (3072K)
 Metaspace       used 12423K, capacity 12556K, committed 12800K, reserved 1060864K
  class space    used 1149K, capacity 1183K, committed 1280K, reserved 1048576K
}
Event: 1.616 GC heap before
{Heap before GC invocations=1 (full 0):
 garbage-first heap   total 129024K, used 41730K [0x0000000083800000, 0x0000000100000000)
  region size 1024K, 39 young (39936K), 3 survivors (3072K)
 Metaspace       used 21042K, capacity 21227K, committed 21248K, reserved 1069056K
  class space    used 2199K, capacity 2286K, committed 2304K, reserved 1048576K
}
Event: 1.631 GC heap after
{Heap after GC invocations=2 (full 0):
 garbage-first heap   total 129024K, used 9411K [0x0000000083800000, 0x0000000100000000)
  region size 1024K, 7 young (7168K), 7 survivors (7168K)
 Metaspace       used 21042K, capacity 21227K, committed 21248K, reserved 1069056K
  class space    used 2199K, capacity 2286K, committed 2304K, reserved 1048576K
}
Event: 3.154 GC heap before
{Heap before GC invocations=3 (full 0):
 garbage-first heap   total 129024K, used 70851K [0x0000000083800000, 0x0000000100000000)
  region size 1024K, 55 young (56320K), 7 survivors (7168K)
 Metaspace       used 30400K, capacity 30816K, committed 30976K, reserved 1077248K
  class space    used 3568K, capacity 3726K, committed 3840K, reserved 1048576K
}
Event: 3.183 GC heap after
{Heap after GC invocations=4 (full 0):
 garbage-first heap   total 129024K, used 24092K [0x0000000083800000, 0x0000000100000000)
  region size 1024K, 7 young (7168K), 7 survivors (7168K)
 Metaspace       used 30400K, capacity 30816K, committed 30976K, reserved 1077248K
  class space    used 3568K, capacity 3726K, committed 3840K, reserved 1048576K
}
Event: 4.115 GC heap before
{Heap before GC invocations=4 (full 0):
 garbage-first heap   total 129024K, used 48668K [0x0000000083800000, 0x0000000100000000)
  region size 1024K, 32 young (32768K), 7 survivors (7168K)
 Metaspace       used 35348K, capacity 35724K, committed 35840K, reserved 1081344K
  class space    used 4104K, capacity 4250K, committed 4352K, reserved 1048576K
}
Event: 4.146 GC heap after
{Heap after GC invocations=5 (full 0):
 garbage-first heap   total 129024K, used 24576K [0x0000000083800000, 0x0000000100000000)
  region size 1024K, 3 young (3072K), 3 survivors (3072K)
 Metaspace       used 35348K, capacity 35724K, committed 35840K, reserved 1081344K
  class space    used 4104K, capacity 4250K, committed 4352K, reserved 1048576K
}
Event: 6.257 GC heap before
{Heap before GC invocations=6 (full 0):
 garbage-first heap   total 129024K, used 90112K [0x0000000083800000, 0x0000000100000000)
  region size 1024K, 64 young (65536K), 3 survivors (3072K)
 Metaspace       used 47154K, capacity 47735K, committed 48000K, reserved 1091584K
  class space    used 5493K, capacity 5710K, committed 5760K, reserved 1048576K
}
Event: 6.283 GC heap after
{Heap after GC invocations=7 (full 0):
 garbage-first heap   total 129024K, used 34816K [0x0000000083800000, 0x0000000100000000)
  region size 1024K, 8 young (8192K), 8 survivors (8192K)
 Metaspace       used 47154K, capacity 47735K, committed 48000K, reserved 1091584K
  class space    used 5493K, capacity 5710K, committed 5760K, reserved 1048576K
}
Event: 6.296 GC heap before
{Heap before GC invocations=7 (full 0):
 garbage-first heap   total 129024K, used 35840K [0x0000000083800000, 0x0000000100000000)
  region size 1024K, 9 young (9216K), 8 survivors (8192K)
 Metaspace       used 47161K, capacity 47735K, committed 48000K, reserved 1091584K
  class space    used 5493K, capacity 5710K, committed 5760K, reserved 1048576K
}
Event: 6.316 GC heap after
{Heap after GC invocations=8 (full 0):
 garbage-first heap   total 165888K, used 36293K [0x0000000083800000, 0x0000000100000000)
  region size 1024K, 1 young (1024K), 1 survivors (1024K)
 Metaspace       used 47161K, capacity 47735K, committed 48000K, reserved 1091584K
  class space    used 5493K, capacity 5710K, committed 5760K, reserved 1048576K
}
Event: 7.837 GC heap before
{Heap before GC invocations=8 (full 0):
 garbage-first heap   total 165888K, used 85445K [0x0000000083800000, 0x0000000100000000)
  region size 1024K, 49 young (50176K), 1 survivors (1024K)
 Metaspace       used 52983K, capacity 53606K, committed 53760K, reserved 1097728K
  class space    used 6120K, capacity 6358K, committed 6400K, reserved 1048576K
}
Event: 7.856 GC heap after
{Heap after GC invocations=9 (full 0):
 garbage-first heap   total 165888K, used 40843K [0x0000000083800000, 0x0000000100000000)
  region size 1024K, 6 young (6144K), 6 survivors (6144K)
 Metaspace       used 52983K, capacity 53606K, committed 53760K, reserved 1097728K
  class space    used 6120K, capacity 6358K, committed 6400K, reserved 1048576K
}
Event: 9.468 GC heap before
{Heap before GC invocations=9 (full 0):
 garbage-first heap   total 165888K, used 72587K [0x0000000083800000, 0x0000000100000000)
  region size 1024K, 38 young (38912K), 6 survivors (6144K)
 Metaspace       used 59290K, capacity 59986K, committed 60160K, reserved 1101824K
  class space    used 7011K, capacity 7312K, committed 7424K, reserved 1048576K
}
Event: 9.488 GC heap after
{Heap after GC invocations=10 (full 0):
 garbage-first heap   total 165888K, used 44854K [0x0000000083800000, 0x0000000100000000)
  region size 1024K, 4 young (4096K), 4 survivors (4096K)
 Metaspace       used 59290K, capacity 59986K, committed 60160K, reserved 1101824K
  class space    used 7011K, capacity 7312K, committed 7424K, reserved 1048576K
}
Event: 12.373 GC heap before
{Heap before GC invocations=11 (full 0):
 garbage-first heap   total 165888K, used 101174K [0x0000000083800000, 0x0000000100000000)
  region size 1024K, 58 young (59392K), 4 survivors (4096K)
 Metaspace       used 63344K, capacity 64161K, committed 64512K, reserved 1105920K
  class space    used 7265K, capacity 7579K, committed 7680K, reserved 1048576K
}
Event: 12.399 GC heap after
{Heap after GC invocations=12 (full 0):
 garbage-first heap   total 165888K, used 52799K [0x0000000083800000, 0x0000000100000000)
  region size 1024K, 8 young (8192K), 8 survivors (8192K)
 Metaspace       used 63344K, capacity 64161K, committed 64512K, reserved 1105920K
  class space    used 7265K, capacity 7579K, committed 7680K, reserved 1048576K
}
Event: 14.067 GC heap before
{Heap before GC invocations=12 (full 0):
 garbage-first heap   total 165888K, used 106047K [0x0000000083800000, 0x0000000100000000)
  region size 1024K, 61 young (62464K), 8 survivors (8192K)
 Metaspace       used 72505K, capacity 73326K, committed 73472K, reserved 1114112K
  class space    used 8124K, capacity 8447K, committed 8448K, reserved 1048576K
}

