# JRE version: OpenJDK Runtime Environment (11.0.13) (build 11.0.13+0-b1751.21-8125866)
# Java VM: OpenJDK 64-Bit Server VM (11.0.13+0-b1751.21-8125866, mixed mode, tiered, compressed oops, g1 gc, windows-amd64)
Heap:
 garbage-first heap   total 129024K, used 69880K [0x0000000083800000, 0x0000000100000000)
  region size 1024K, 46 young (47104K), 3 survivors (3072K)
 Metaspace       used 44800K, capacity 45357K, committed 45392K, reserved 1089536K
  class space    used 5272K, capacity 5477K, committed 5504K, reserved 1048576K
GC Heap History (8 events):
Event: 1.016 GC heap before
{Heap before GC invocations=0 (full 0):
 garbage-first heap   total 129024K, used 27648K [0x0000000083800000, 0x0000000100000000)
  region size 1024K, 24 young (24576K), 0 survivors (0K)
 Metaspace       used 12316K, capacity 12469K, committed 12800K, reserved 1060864K
  class space    used 1140K, capacity 1174K, committed 1280K, reserved 1048576K
}
Event: 1.021 GC heap after
{Heap after GC invocations=1 (full 0):
 garbage-first heap   total 129024K, used 5649K [0x0000000083800000, 0x0000000100000000)
  region size 1024K, 3 young (3072K), 3 survivors (3072K)
 Metaspace       used 12316K, capacity 12469K, committed 12800K, reserved 1060864K
  class space    used 1140K, capacity 1174K, committed 1280K, reserved 1048576K
}
Event: 2.405 GC heap before
{Heap before GC invocations=1 (full 0):
 garbage-first heap   total 129024K, used 41489K [0x0000000083800000, 0x0000000100000000)
  region size 1024K, 39 young (39936K), 3 survivors (3072K)
 Metaspace       used 21044K, capacity 21230K, committed 21248K, reserved 1069056K
  class space    used 2209K, capacity 2286K, committed 2304K, reserved 1048576K
}
Event: 2.422 GC heap after
{Heap after GC invocations=2 (full 0):
 garbage-first heap   total 129024K, used 9541K [0x0000000083800000, 0x0000000100000000)
  region size 1024K, 7 young (7168K), 7 survivors (7168K)
 Metaspace       used 21044K, capacity 21230K, committed 21248K, reserved 1069056K
  class space    used 2209K, capacity 2286K, committed 2304K, reserved 1048576K
}
Event: 4.773 GC heap before
{Heap before GC invocations=3 (full 0):
 garbage-first heap   total 129024K, used 70981K [0x0000000083800000, 0x0000000100000000)
  region size 1024K, 55 young (56320K), 7 survivors (7168K)
 Metaspace       used 30385K, capacity 30790K, committed 30844K, reserved 1077248K
  class space    used 3550K, capacity 3695K, committed 3712K, reserved 1048576K
}
Event: 4.798 GC heap after
{Heap after GC invocations=4 (full 0):
 garbage-first heap   total 129024K, used 24467K [0x0000000083800000, 0x0000000100000000)
  region size 1024K, 7 young (7168K), 7 survivors (7168K)
 Metaspace       used 30385K, capacity 30790K, committed 30844K, reserved 1077248K
  class space    used 3550K, capacity 3695K, committed 3712K, reserved 1048576K
}
Event: 5.609 GC heap before
{Heap before GC invocations=4 (full 0):
 garbage-first heap   total 129024K, used 50067K [0x0000000083800000, 0x0000000100000000)
  region size 1024K, 33 young (33792K), 7 survivors (7168K)
 Metaspace       used 35534K, capacity 35953K, committed 36048K, reserved 1081344K
  class space    used 4134K, capacity 4284K, committed 4352K, reserved 1048576K
}
Event: 5.632 GC heap after
{Heap after GC invocations=5 (full 0):
 garbage-first heap   total 129024K, used 24824K [0x0000000083800000, 0x0000000100000000)
  region size 1024K, 3 young (3072K), 3 survivors (3072K)
 Metaspace       used 35534K, capacity 35953K, committed 36048K, reserved 1081344K
  class space    used 4134K, capacity 4284K, committed 4352K, reserved 1048576K
}

